<?xml version="1.0" encoding="UTF-8"?>
<!-- Generated by org.testng.reporters.JUnitReportReporter -->
<testsuite skipped="0" hostname="DESKTOP-LJ046SQ" name="examples.SampleTestNGClass" tests="1" failures="0" timestamp="17 Jun 2020 23:21:54 GMT" time="5.142" errors="0">
  <testcase name="f" time="5.142" classname="examples.SampleTestNGClass"/>
</testsuite> <!-- examples.SampleTestNGClass -->
