<?xml version="1.0" encoding="UTF-8"?>
<!-- Generated by org.testng.reporters.JUnitReportReporter -->
<testsuite skipped="0" hostname="DESKTOP-LJ046SQ" name="examples.ChildClass" tests="4" failures="0" timestamp="18 Jun 2020 00:27:28 GMT" time="0.033" errors="0">
  <testcase name="LogOut" time="0.002" classname="examples.ChildClass"/>
  <testcase name="SignIn" time="0.004" classname="examples.ChildClass"/>
  <testcase name="OpenBrowser" time="0.025" classname="examples.ChildClass"/>
  <testcase name="f" time="0.002" classname="examples.ChildClass"/>
</testsuite> <!-- examples.ChildClass -->
