<?xml version="1.0" encoding="UTF-8"?>
<!-- Generated by org.testng.reporters.JUnitReportReporter -->
<testsuite skipped="0" hostname="DESKTOP-LJ046SQ" name="examples.CrossBrowserTesting" tests="4" failures="0" timestamp="20 Jun 2020 09:48:33 GMT" time="1.266" errors="0">
  <testcase name="login" time="0.187" classname="examples.CrossBrowserTesting"/>
  <testcase name="loginPassword" time="0.359" classname="examples.CrossBrowserTesting"/>
  <testcase name="login" time="0.501" classname="examples.CrossBrowserTesting"/>
  <testcase name="loginPassword" time="0.219" classname="examples.CrossBrowserTesting"/>
</testsuite> <!-- examples.CrossBrowserTesting -->
