<?xml version="1.0" encoding="UTF-8"?>
<!-- Generated by org.testng.reporters.JUnitReportReporter -->
<testsuite skipped="0" hostname="DESKTOP-LJ046SQ" name="examples.NewTest" tests="1" failures="0" timestamp="17 Jun 2020 23:19:34 GMT" time="0.018" errors="0">
  <testcase name="testCase1" time="0.018" classname="examples.NewTest"/>
</testsuite> <!-- examples.NewTest -->
