<?xml version="1.0" encoding="UTF-8"?>
<!-- Generated by org.testng.reporters.JUnitReportReporter -->
<testsuite skipped="0" hostname="DESKTOP-LJ046SQ" name="examples.DependsOnMethods" tests="3" failures="0" timestamp="18 Jun 2020 00:23:12 GMT" time="0.023" errors="0">
  <testcase name="OpenBrowser" time="0.019" classname="examples.DependsOnMethods"/>
  <testcase name="LogOut" time="0.001" classname="examples.DependsOnMethods"/>
  <testcase name="SignIn" time="0.003" classname="examples.DependsOnMethods"/>
</testsuite> <!-- examples.DependsOnMethods -->
