<?xml version="1.0" encoding="UTF-8"?>
<!-- Generated by org.testng.reporters.JUnitReportReporter -->
<testsuite skipped="0" hostname="DESKTOP-LJ046SQ" name="examples.DependsOnGroups" tests="4" failures="0" timestamp="18 Jun 2020 06:33:07 GMT" time="0.048" errors="0">
  <testcase name="ViewAcc" time="0.003" classname="examples.DependsOnGroups"/>
  <testcase name="CloseAccount" time="0.003" classname="examples.DependsOnGroups"/>
  <testcase name="OpenBrowser" time="0.040" classname="examples.DependsOnGroups"/>
  <testcase name="LogIn" time="0.002" classname="examples.DependsOnGroups"/>
</testsuite> <!-- examples.DependsOnGroups -->
