<?xml version="1.0" encoding="UTF-8"?>
<!-- Generated by org.testng.reporters.JUnitReportReporter -->
<testsuite skipped="0" hostname="DESKTOP-LJ046SQ" name="examples.ParametersClass" tests="3" failures="0" timestamp="18 Jun 2020 07:06:21 GMT" time="0.033" errors="0">
  <testcase name="OP" time="0.003" classname="examples.ParametersClass"/>
  <testcase name="Diff" time="0.024" classname="examples.ParametersClass"/>
  <testcase name="Sum" time="0.006" classname="examples.ParametersClass"/>
</testsuite> <!-- examples.ParametersClass -->
