<?xml version="1.0" encoding="UTF-8"?>
<!-- Generated by org.testng.reporters.JUnitReportReporter -->
<testsuite skipped="0" hostname="DESKTOP-LJ046SQ" name="examples.DataProviders" tests="6" failures="0" timestamp="18 Jun 2020 09:30:43 GMT" time="0.032" errors="0">
  <testcase name="Sum" time="0.000" classname="examples.DataProviders"/>
  <testcase name="Diff" time="0.016" classname="examples.DataProviders"/>
  <testcase name="Diff" time="0.000" classname="examples.DataProviders"/>
  <testcase name="myTest" time="0.000" classname="examples.DataProviders"/>
  <testcase name="myTest" time="0.016" classname="examples.DataProviders"/>
  <testcase name="Sum" time="0.000" classname="examples.DataProviders"/>
</testsuite> <!-- examples.DataProviders -->
